build/app/outputs/mapping/release/seeds.txt
com.example.tradeye.MainActivity
com.example.tradeye.MainActivity: MainActivity()
...
io.flutter.plugin.common.EventChannel$EventSink
androidx.window.layout.HardwareFoldingFeature$Type
io.flutter.embedding.engine.systemchannels.PlatformChannel$ClipboardContentFormat
io.flutter.embedding.android.FlutterSurfaceView
io.flutter.view.AccessibilityBridge$LocaleStringAttribute
androidx.window.layout.SidecarCompat
io.flutter.plugin.platform.PlatformPlugin$PlatformPluginDelegate
io.flutter.plugin.common.JSONMessageCodec
io.flutter.plugin.common.PluginRegistry$RequestPermissionsResultListener
io.flutter.embedding.engine.FlutterEngine$EngineLifecycleListener
io.flutter.embedding.engine.mutatorsstack.FlutterMutatorView
androidx.window.embedding.SplitPairRule
io.flutter.embedding.android.KeyEmbedderResponder
io.flutter.plugins.share.R$integer
androidx.constraintlayout.widget.ConstraintLayout
io.flutter.plugin.editing.TextInputPlugin$2
com.google.android.material.internal.ClippableRoundedCornerLayout
io.flutter.embedding.engine.systemchannels.PlatformChannel$1
io.flutter.plugins.GeneratedPluginRegistrant
androidx.transition.FragmentTransitionSupport
io.flutter.plugin.editing.ListenableEditingState
com.google.android.material.sidesheet.SideSheetBehavior
io.flutter.embedding.engine.systemchannels.TextInputChannel$TextCapitalization
com.google.android.material.internal.BaselineLayout
io.flutter.plugins.webviewflutter.GeneratedAndroidWebView$WebViewHostApiCodec
io.flutter.embedding.android.FlutterSplashView$SavedState$1
io.flutter.plugins.webviewflutter.JavaScriptChannelHostApiImpl
io.flutter.plugins.share.R$dimen
io.flutter.view.AccessibilityBridge$SemanticsNode
io.flutter.plugin.platform.PlatformViewsController$1
io.flutter.embedding.engine.dart.DartMessenger$DefaultTaskQueueFactory
io.flutter.plugins.webviewflutter.GeneratedAndroidWebView$WebChromeClientFlutterApi
androidx.window.embedding.EmbeddingRule
io.flutter.plugins.webviewflutter.GeneratedAndroidWebView$JavaScriptChannelHostApiCodec
androidx.coordinatorlayout.widget.CoordinatorLayout
io.flutter.plugins.webviewflutter.R$dimen
io.flutter.embedding.engine.mutatorsstack.FlutterMutatorsStack$FlutterMutator
io.flutter.embedding.android.FlutterFragment$ActivityCallThrough
io.flutter.plugins.share.R$xml
io.flutter.embedding.android.FlutterActivityLaunchConfigs
io.flutter.embedding.engine.plugins.service.ServicePluginBinding
io.flutter.embedding.android.FlutterSplashView$2
io.flutter.plugin.common.StandardMessageCodec
io.flutter.plugin.common.MethodChannel$IncomingResultHandler
io.flutter.embedding.engine.plugins.activity.ActivityPluginBinding$OnSaveInstanceStateListener
androidx.window.layout.WindowMetricsCalculator
io.flutter.plugin.platform.PlatformViewWrapper
io.flutter.plugin.common.FlutterException
io.flutter.plugins.webviewflutter.DisplayListenerProxy
io.flutter.embedding.engine.FlutterEngineGroup$1
io.flutter.embedding.engine.FlutterJNI$AccessibilityDelegate
io.flutter.embedding.android.FlutterSplashView$3
androidx.window.layout.ExtensionsWindowLayoutInfoAdapter
androidx.window.embedding.ExtensionEmbeddingBackend$EmbeddingCallbackImpl
io.flutter.embedding.android.FlutterActivityAndFragmentDelegate$Host
io.flutter.plugin.common.MethodChannel
io.flutter.view.FlutterView$SurfaceTextureRegistryEntry$1
androidx.window.layout.FoldingFeature$OcclusionType
io.flutter.util.TraceSection
io.flutter.embedding.android.KeyboardMap
io.flutter.embedding.engine.systemchannels.PlatformViewsChannel$PlatformViewBufferSize
androidx.window.layout.WindowInfoTrackerImpl
io.flutter.plugins.webviewflutter.GeneratedAndroidWebView$CookieManagerHostApi$1
io.flutter.plugins.webviewflutter.WebViewClientHostApiImpl$WebViewClientImpl
io.flutter.plugin.platform.PlatformPlugin$3
androidx.core.graphics.drawable.IconCompatParcelizer
org.chromium.support_lib_boundary.IsomorphicObjectBoundaryInterface
io.flutter.plugins.webviewflutter.WebViewClientHostApiImpl$WebViewClientCreator
io.flutter.plugin.common.StandardMethodCodec
io.flutter.plugin.editing.ImeSyncDeferringInsetsCallback