build/app/outputs/mapping/release/mapping.txt
# compiler: R8
# compiler_version: 3.3.70
# min_api: 19
# common_typos_disable
# {"id":"com.android.tools.r8.mapping","version":"2.0"}
# pg_map_id: 862207a
# pg_map_hash: SHA-256 862207af6167df77babbb1808486314229f8b23d2377e1bae66114e1da37a144
...
com.google.android.material.chip.ChipGroup$OnCheckedChangeListener -> com.google.android.material.chip.b$c:
com.google.android.material.chip.ChipGroup$OnCheckedStateChangeListener -> com.google.android.material.chip.b$d:
com.google.android.material.chip.ChipGroup$PassThroughHierarchyChangeListener -> com.google.android.material.chip.b$e:
    android.view.ViewGroup$OnHierarchyChangeListener access$302(com.google.android.material.chip.ChipGroup$PassThroughHierarchyChangeListener,android.view.ViewGroup$OnHierarchyChangeListener) -> a
com.google.android.material.circularreveal.CircularRevealCompat -> s0.a:
    android.animation.Animator createCircularReveal(com.google.android.material.circularreveal.CircularRevealWidget,float,float,float) -> a
    android.animation.Animator$AnimatorListener createCircularRevealListener(com.google.android.material.circularreveal.CircularRevealWidget) -> b
com.google.android.material.circularreveal.CircularRevealCompat$1 -> s0.a$a:
    com.google.android.material.circularreveal.CircularRevealWidget val$view -> a
com.google.android.material.circularreveal.CircularRevealFrameLayout -> s0.b:
    void destroyCircularRevealCache() -> a
    void buildCircularRevealCache() -> b
com.google.android.material.circularreveal.CircularRevealHelper -> s0.c:
    int STRATEGY -> a
com.google.android.material.circularreveal.CircularRevealWidget -> s0.d:
    void destroyCircularRevealCache() -> a
    void buildCircularRevealCache() -> b
com.google.android.material.circularreveal.CircularRevealWidget$1 -> s0.d$a:
com.google.android.material.circularreveal.CircularRevealWidget$CircularRevealEvaluator -> s0.d$b:
    android.animation.TypeEvaluator CIRCULAR_REVEAL -> b
    com.google.android.material.circularreveal.CircularRevealWidget$RevealInfo revealInfo -> a
    com.google.android.material.circularreveal.CircularRevealWidget$RevealInfo evaluate(float,com.google.android.material.circularreveal.CircularRevealWidget$RevealInfo,com.google.android.material.circularreveal.CircularRevealWidget$RevealInfo) -> a
com.google.android.material.circularreveal.CircularRevealWidget$CircularRevealProperty -> s0.d$c:
    android.util.Property CIRCULAR_REVEAL -> a
    com.google.android.material.circularreveal.CircularRevealWidget$RevealInfo get(com.google.android.material.circularreveal.CircularRevealWidget) -> a
    void set(com.google.android.material.circularreveal.CircularRevealWidget,com.google.android.material.circularreveal.CircularRevealWidget$RevealInfo) -> b
com.google.android.material.circularreveal.CircularRevealWidget$CircularRevealScrimColorProperty -> s0.d$d:
    android.util.Property CIRCULAR_REVEAL_SCRIM_COLOR -> a
    java.lang.Integer get(com.google.android.material.circularreveal.CircularRevealWidget) -> a
    void set(com.google.android.material.circularreveal.CircularRevealWidget,java.lang.Integer) -> b
com.google.android.material.circularreveal.CircularRevealWidget$RevealInfo -> s0.d$e:
    float radius -> c
    float centerY -> b
    float centerX -> a
    void set(float,float,float) -> a
com.google.android.material.circularreveal.cardview.CircularRevealCardView -> t0.a:
    void destroyCircularRevealCache() -> a
    void buildCircularRevealCache() -> b