build/app/outputs/mapping/release/usage.txt
com.example.tradeye.BuildConfig
com.example.tradeye.R$anim
com.example.tradeye.R$animator
com.example.tradeye.R$attr
com.example.tradeye.R$bool
com.example.tradeye.R$color
com.example.tradeye.R$dimen
com.example.tradeye.R$drawable
com.example.tradeye.R$id
com.example.tradeye.R$integer
com.example.tradeye.R$interpolator
com.example.tradeye.R$layout
com.example.tradeye.R$mipmap
com.example.tradeye.R$plurals
com.example.tradeye.R$string
com.example.tradeye.R$style
com.example.tradeye.R$styleable
com.example.tradeye.R$xml
com.example.tradeye.R
...
androidx.constraintlayout.widget.StateSet$State
androidx.constraintlayout.widget.StateSet$Variant
androidx.constraintlayout.widget.StateSet
androidx.constraintlayout.widget.VirtualLayout:
    public void <init>(android.content.Context)
    public void <init>(android.content.Context,android.util.AttributeSet,int)
androidx.coordinatorlayout.R$attr:
    public static final int alpha
    public static final int font
    public static final int fontProviderAuthority
    public static final int fontProviderCerts
    public static final int fontProviderFetchStrategy
    public static final int fontProviderFetchTimeout
    public static final int fontProviderPackage
    public static final int fontProviderQuery
    public static final int fontStyle
    public static final int fontVariationSettings
    public static final int fontWeight
    public static final int keylines
    public static final int layout_anchor
    public static final int layout_anchorGravity
    public static final int layout_behavior
    public static final int layout_dodgeInsetEdges
    public static final int layout_insetEdge
    public static final int layout_keyline
    public static final int statusBarBackground
    public static final int ttcIndex
    private void <init>()
androidx.coordinatorlayout.R$color
androidx.coordinatorlayout.R$dimen
androidx.coordinatorlayout.R$drawable
androidx.coordinatorlayout.R$id
androidx.coordinatorlayout.R$integer
androidx.coordinatorlayout.R$layout
androidx.coordinatorlayout.R$string
androidx.coordinatorlayout.R$style:
    public static final int TextAppearance_Compat_Notification
    public static final int TextAppearance_Compat_Notification_Info
    public static final int TextAppearance_Compat_Notification_Line2
    public static final int TextAppearance_Compat_Notification_Time
    public static final int TextAppearance_Compat_Notification_Title
    public static final int Widget_Compat_NotificationActionContainer
    public static final int Widget_Compat_NotificationActionText
    private void <init>()
androidx.coordinatorlayout.R$styleable:
    public static final int ColorStateListItem_alpha
    public static final int ColorStateListItem_android_alpha
    public static final int ColorStateListItem_android_color
    public static final int ColorStateListItem_android_lStar
    public static final int ColorStateListItem_lStar
    public static final int FontFamilyFont_android_font
    public static final int FontFamilyFont_android_fontStyle
    public static final int FontFamilyFont_android_fontVariationSettings
    public static final int FontFamilyFont_android_fontWeight
    public static final int FontFamilyFont_android_ttcIndex
    public static final int FontFamilyFont_font
    public static final int FontFamilyFont_fontStyle
    public static final int FontFamilyFont_fontVariationSettings
    public static final int FontFamilyFont_fontWeight
    public static final int FontFamilyFont_ttcIndex
    public static final int FontFamily_fontProviderAuthority
    public static final int FontFamily_fontProviderCerts
    public static final int FontFamily_fontProviderFetchStrategy
    public static final int FontFamily_fontProviderFetchTimeout
    public static final int FontFamily_fontProviderPackage
    public static final int FontFamily_fontProviderQuery
    public static final int FontFamily_fontProviderSystemFontFamily
    public static final int GradientColorItem_android_color
    public static final int GradientColorItem_android_offset
androidx.coordinatorlayout.R
androidx.coordinatorlayout.widget.CoordinatorLayout$Behavior:
    public static java.lang.Object getTag(android.view.View)
    public static void setTag(android.view.View,java.lang.Object)
androidx.coordinatorlayout.widget.CoordinatorLayout$DispatchChangeEvent
androidx.coordinatorlayout.widget.CoordinatorLayout$LayoutParams:
    void invalidateAnchor()
    public void setAnchorId(int)